<?xml version="1.0" encoding="UTF-8"?>
<testsuite xmlns:xsi="http://www.w3.org/2001/XMLSchema-instance" xsi:noNamespaceSchemaLocation="https://maven.apache.org/surefire/maven-surefire-plugin/xsd/surefire-test-report-3.0.xsd" version="3.0" name="com.valaas.validator.architecture.ArchitectureTest" time="2.42" tests="2" errors="0" skipped="0" failures="0">
  <properties>
[...]
</properties>
  <testcase name="domainShouldNotDependOnSpringOrJpa" classname="com.valaas.validator.architecture.ArchitectureTest" time="0.064">
    <system-out><![CDATA[16:50:53.466 [main] INFO com.tngtech.archunit.core.PluginLoader -- Detected Java version 25.0.2
]]></system-out>
  </testcase>
  <testcase name="applicationShouldDependOnPortsAndNotOnAdapters" classname="com.valaas.validator.architecture.ArchitectureTest" time="0.003"/>
</testsuite>